<?xml version="1.0" encoding="utf-8"?><testsuites name="pytest tests"><testsuite name="pytest" errors="0" failures="0" skipped="0" tests="8" time="0.939" timestamp="2026-05-12T20:26:15.095523+00:00" hostname="agent-env-10ca86d2-9152-4514-82be-39d7bc1fc2d2"><testcase classname="backend.tests.test_landing_api.TestRoot" name="test_root_returns_welcome" time="0.272" /><testcase classname="backend.tests.test_landing_api.TestSubscribe" name="test_subscribe_valid_email" time="0.072" /><testcase classname="backend.tests.test_landing_api.TestSubscribe" name="test_subscribe_duplicate_email" time="0.063" /><testcase classname="backend.tests.test_landing_api.TestSubscribe" name="test_subscribe_case_insensitive_duplicate" time="0.063" /><testcase classname="backend.tests.test_landing_api.TestSubscribe" name="test_subscribe_invalid_email" time="0.068" /><testcase classname="backend.tests.test_landing_api.TestSubscribe" name="test_subscribe_missing_email" time="0.061" /><testcase classname="backend.tests.test_landing_api.TestSubscribe" name="test_subscribe_with_source" time="0.077" /><testcase classname="backend.tests.test_landing_api.TestSubscriberCount" name="test_count_returns_int" time="0.127" /></testsuite></testsuites>